{
  "uid" : "f5968946c02a863",
  "name" : "Delete existing label for authorized user",
  "fullName" : "Labels: Delete existing label for authorized user",
  "historyId" : "3b99172849a956d077462dbdc8532625",
  "time" : {
    "start" : 1597819397286,
    "stop" : 1597819398296,
    "duration" : 1010
  },
  "status" : "failed",
  "statusMessage" : "expected [another text] but found [hello]",
  "statusTrace" : "java.lang.AssertionError: expected [another text] but found [hello]\n\tat org.testng.Assert.fail(Assert.java:97)\n\tat org.testng.Assert.assertEqualsImpl(Assert.java:136)\n\tat org.testng.Assert.assertEquals(Assert.java:118)\n\tat org.testng.Assert.assertEquals(Assert.java:575)\n\tat org.testng.Assert.assertEquals(Assert.java:585)\n\tat io.qameta.allure.examples.cucumber5.WebSteps.maybeThrowAssertionException(WebSteps.java:97)\n\tat io.qameta.allure.examples.cucumber5.WebSteps.deleteLabelWithTitle(WebSteps.java:39)\n\tat ✽.I delete label with title \"hello\"(file:///home/runner/work/allure-examples/allure-examples/java-cucumber5-jvm-maven/src/test/resources/features/labels-web.feature:27)\n",
  "flaky" : false,
  "newFailed" : false,
  "beforeStages" : [ ],
  "testStage" : {
    "status" : "failed",
    "statusMessage" : "expected [another text] but found [hello]",
    "statusTrace" : "java.lang.AssertionError: expected [another text] but found [hello]\n\tat org.testng.Assert.fail(Assert.java:97)\n\tat org.testng.Assert.assertEqualsImpl(Assert.java:136)\n\tat org.testng.Assert.assertEquals(Assert.java:118)\n\tat org.testng.Assert.assertEquals(Assert.java:575)\n\tat org.testng.Assert.assertEquals(Assert.java:585)\n\tat io.qameta.allure.examples.cucumber5.WebSteps.maybeThrowAssertionException(WebSteps.java:97)\n\tat io.qameta.allure.examples.cucumber5.WebSteps.deleteLabelWithTitle(WebSteps.java:39)\n\tat ✽.I delete label with title \"hello\"(file:///home/runner/work/allure-examples/allure-examples/java-cucumber5-jvm-maven/src/test/resources/features/labels-web.feature:27)\n",
    "steps" : [ {
      "name" : "When  I open labels page",
      "time" : {
        "start" : 1597819397286,
        "stop" : 1597819397287,
        "duration" : 1
      },
      "status" : "passed",
      "steps" : [ ],
      "attachments" : [ ],
      "parameters" : [ ],
      "stepsCount" : 0,
      "attachmentsCount" : 0,
      "shouldDisplayMessage" : false,
      "hasContent" : false
    }, {
      "name" : "And  I create label with title \"hello\"",
      "time" : {
        "start" : 1597819397287,
        "stop" : 1597819397288,
        "duration" : 1
      },
      "status" : "passed",
      "steps" : [ ],
      "attachments" : [ ],
      "parameters" : [ ],
      "stepsCount" : 0,
      "attachmentsCount" : 0,
      "shouldDisplayMessage" : false,
      "hasContent" : false
    }, {
      "name" : "And  I delete label with title \"hello\"",
      "time" : {
        "start" : 1597819397288,
        "stop" : 1597819398295,
        "duration" : 1007
      },
      "status" : "failed",
      "statusMessage" : "expected [another text] but found [hello]",
      "statusTrace" : "java.lang.AssertionError: expected [another text] but found [hello]\n\tat org.testng.Assert.fail(Assert.java:97)\n\tat org.testng.Assert.assertEqualsImpl(Assert.java:136)\n\tat org.testng.Assert.assertEquals(Assert.java:118)\n\tat org.testng.Assert.assertEquals(Assert.java:575)\n\tat org.testng.Assert.assertEquals(Assert.java:585)\n\tat io.qameta.allure.examples.cucumber5.WebSteps.maybeThrowAssertionException(WebSteps.java:97)\n\tat io.qameta.allure.examples.cucumber5.WebSteps.deleteLabelWithTitle(WebSteps.java:39)\n\tat ✽.I delete label with title \"hello\"(file:///home/runner/work/allure-examples/allure-examples/java-cucumber5-jvm-maven/src/test/resources/features/labels-web.feature:27)\n",
      "steps" : [ ],
      "attachments" : [ ],
      "parameters" : [ ],
      "stepsCount" : 0,
      "attachmentsCount" : 0,
      "shouldDisplayMessage" : true,
      "hasContent" : true
    }, {
      "name" : "Then  I should not see note with content \"hello\"",
      "time" : {
        "start" : 1597819398296,
        "stop" : 1597819398296,
        "duration" : 0
      },
      "status" : "skipped",
      "steps" : [ ],
      "attachments" : [ ],
      "parameters" : [ ],
      "stepsCount" : 0,
      "attachmentsCount" : 0,
      "shouldDisplayMessage" : false,
      "hasContent" : false
    } ],
    "attachments" : [ ],
    "parameters" : [ ],
    "stepsCount" : 4,
    "attachmentsCount" : 0,
    "shouldDisplayMessage" : false,
    "hasContent" : true
  },
  "afterStages" : [ ],
  "labels" : [ {
    "name" : "tag",
    "value" : "smoke"
  }, {
    "name" : "host",
    "value" : "fv-az184"
  }, {
    "name" : "thread",
    "value" : "4159@fv-az184.main(1)"
  }, {
    "name" : "feature",
    "value" : "Labels"
  }, {
    "name" : "story",
    "value" : "Delete existing label for authorized user"
  }, {
    "name" : "suite",
    "value" : "Labels"
  }, {
    "name" : "testClass",
    "value" : "Delete existing label for authorized user"
  }, {
    "name" : "framework",
    "value" : "cucumber4jvm"
  }, {
    "name" : "language",
    "value" : "java"
  }, {
    "name" : "gherkin_uri",
    "value" : "file:///home/runner/work/allure-examples/allure-examples/java-cucumber5-jvm-maven/src/test/resources/features/labels-web.feature"
  }, {
    "name" : "package",
    "value" : "src.test.resources.features.labels-web_feature.Labels"
  }, {
    "name" : "resultFormat",
    "value" : "allure2"
  } ],
  "parameters" : [ ],
  "links" : [ ],
  "hidden" : false,
  "retry" : false,
  "extra" : {
    "severity" : "normal",
    "retries" : [ ],
    "categories" : [ {
      "name" : "Product defects",
      "matchedStatuses" : [ ],
      "flaky" : false
    } ],
    "tags" : [ "smoke" ]
  },
  "source" : "f5968946c02a863.json",
  "parameterValues" : [ ]
}